#
# There is insufficient memory for the Java Runtime Environment to continue.
# Native memory allocation (malloc) failed to allocate 173616 bytes for Chunk::new
# Possible reasons:
#   The system is out of physical RAM or swap space
#   The process is running with CompressedOops enabled, and the Java Heap may be blocking the growth of the native heap
# Possible solutions:
#   Reduce memory load on the system
#   Increase physical memory or swap space
#   Check if swap backing store is full
#   Decrease Java heap size (-Xmx/-Xms)
#   Decrease number of Java threads
#   Decrease Java thread stack sizes (-Xss)
#   Set larger code cache with -XX:ReservedCodeCacheSize=
#   JVM is running with Unscaled Compressed Oops mode in which the Java heap is
#     placed in the first 4GB address space. The Java Heap base address is the
#     maximum limit for the native heap growth. Please use -XX:HeapBaseMinAddress
#     to set the Java Heap base and to place the Java Heap above 4GB virtual address.
# This output file may be truncated or incomplete.
#
#  Out of Memory Error (allocation.cpp:389), pid=12448, tid=0x0000000000004064
#
# JRE version: OpenJDK Runtime Environment (8.0_202-b03) (build 1.8.0_202-release-1483-b03)
# Java VM: OpenJDK 64-Bit Server VM (25.202-b03 mixed mode windows-amd64 compressed oops)
# Failed to write core dump. Minidumps are not enabled by default on client versions of Windows
#

---------------  T H R E A D  ---------------

Current thread (0x0000000018a66800):  JavaThread "C2 CompilerThread2" daemon [_thread_in_native, id=16484, stack(0x0000000019570000,0x0000000019670000)]

Stack: [0x0000000019570000,0x0000000019670000]
[error occurred during error reporting (printing stack bounds), id 0xc0000005]

Native frames: (J=compiled Java code, j=interpreted, Vv=VM code, C=native code)


Current CompileTask:
C2:1194891 18929   !   4       org.gradle.internal.service.DefaultServiceRegistry$FactoryService::bind (358 bytes)


---------------  P R O C E S S  ---------------

Java Threads: ( => current thread )
  0x000000001d7ab800 JavaThread "Cache worker for file hash cache (C:\Users\felix\OneDrive\Dokumente\Uni-Master\Ferienakademie\sceneform-android-sdk-1.12.0\samples\augmentedimage\.gradle\5.4.1\fileHashes)" [_thread_blocked, id=9520, stack(0x000000001c2f0000,0x000000001c3f0000)]
  0x000000001d7b1800 JavaThread "Thread-371" [_thread_blocked, id=11128, stack(0x000000001bff0000,0x000000001c0f0000)]
  0x000000001d7aa000 JavaThread "Stdin handler" [_thread_blocked, id=580, stack(0x000000001bef0000,0x000000001bff0000)]
  0x000000001d7b0000 JavaThread "Asynchronous log dispatcher for DefaultDaemonConnection: socket connection from /127.0.0.1:51346 to /127.0.0.1:51612" [_thread_blocked, id=11456, stack(0x000000001bbf0000,0x000000001bcf0000)]
  0x000000001d7ae800 JavaThread "Cancel handler" [_thread_blocked, id=11124, stack(0x0000000002ad0000,0x0000000002bd0000)]
  0x000000001d7ac000 JavaThread "Handler for socket connection from /127.0.0.1:51346 to /127.0.0.1:51612" [_thread_in_native, id=11448, stack(0x0000000001430000,0x0000000001530000)]
  0x000000001d7ad800 JavaThread "ForkJoinPool.commonPool-worker-2" daemon [_thread_blocked, id=3900, stack(0x0000000028fc0000,0x00000000290c0000)]
  0x000000001d7aa800 JavaThread "ForkJoinPool.commonPool-worker-1" daemon [_thread_blocked, id=5380, stack(0x0000000028ec0000,0x0000000028fc0000)]
  0x000000001ece6800 JavaThread "ForkJoinPool.commonPool-worker-6" daemon [_thread_blocked, id=3640, stack(0x00000000285c0000,0x00000000286c0000)]
  0x000000001a089000 JavaThread "Daemon worker Thread 6" [_thread_in_Java, id=12488, stack(0x000000001baf0000,0x000000001bbf0000)]
  0x000000001a087800 JavaThread "Daemon Thread 6" [_thread_blocked, id=16572, stack(0x0000000001130000,0x0000000001230000)]
  0x0000000020554000 JavaThread "Cache worker for Java compile cache (C:\Users\felix\.gradle\caches\5.4.1\javaCompile)" [_thread_blocked, id=12444, stack(0x00000000276c0000,0x00000000277c0000)]
  0x000000001ecda000 JavaThread "Cache worker for file content cache (C:\Users\felix\.gradle\caches\5.4.1\fileContent)" [_thread_blocked, id=10032, stack(0x0000000022650000,0x0000000022750000)]
  0x000000001a091800 JavaThread "Memory manager" [_thread_blocked, id=2696, stack(0x0000000022f50000,0x0000000023050000)]
  0x000000001a087000 JavaThread "Cache worker for execution history cache (C:\Users\felix\.gradle\caches\5.4.1\executionHistory)" [_thread_blocked, id=2912, stack(0x00000000218a0000,0x00000000219a0000)]
  0x000000001b08f800 JavaThread "Cache worker for journal cache (C:\Users\felix\.gradle\caches\journal-1)" [_thread_blocked, id=14424, stack(0x000000001c5f0000,0x000000001c6f0000)]
  0x000000001b08f000 JavaThread "File lock request listener" [_thread_in_native, id=14720, stack(0x000000001c4f0000,0x000000001c5f0000)]
  0x000000001b08e000 JavaThread "Cache worker for file hash cache (C:\Users\felix\.gradle\caches\5.4.1\fileHashes)" [_thread_blocked, id=9264, stack(0x000000001c3f0000,0x000000001c4f0000)]
  0x000000001aea7800 JavaThread "Daemon periodic checks" [_thread_blocked, id=276, stack(0x000000001b9f0000,0x000000001baf0000)]
  0x0000000018ce0800 JavaThread "Incoming local TCP Connector on port 51346" [_thread_in_native, id=15112, stack(0x000000001b780000,0x000000001b880000)]
  0x000000001ad2f000 JavaThread "Daemon health stats" [_thread_blocked, id=11544, stack(0x000000001b140000,0x000000001b240000)]
  0x0000000018b04000 JavaThread "Service Thread" daemon [_thread_blocked, id=4996, stack(0x0000000019770000,0x0000000019870000)]
  0x0000000018ab3000 JavaThread "C1 CompilerThread3" daemon [_thread_blocked, id=13556, stack(0x0000000019670000,0x0000000019770000)]
=>0x0000000018a66800 JavaThread "C2 CompilerThread2" daemon [_thread_in_native, id=16484, stack(0x0000000019570000,0x0000000019670000)]
  0x0000000018a62000 JavaThread "C2 CompilerThread1" daemon [_thread_blocked, id=2664, stack(0x0000000019470000,0x0000000019570000)]
  0x0000000018a73800 JavaThread "C2 CompilerThread0" daemon [_thread_in_native, id=3336, stack(0x0000000019370000,0x0000000019470000)]
  0x0000000018a72800 JavaThread "Attach Listener" daemon [_thread_blocked, id=17244, stack(0x0000000019270000,0x0000000019370000)]
  0x0000000018a6f800 JavaThread "Signal Dispatcher" daemon [_thread_blocked, id=2112, stack(0x0000000019170000,0x0000000019270000)]
  0x0000000002e88000 JavaThread "Finalizer" daemon [_thread_blocked, id=12372, stack(0x0000000018f40000,0x0000000019040000)]
  0x0000000016c4c000 JavaThread "Reference Handler" daemon [_thread_blocked, id=16368, stack(0x0000000018e40000,0x0000000018f40000)]
  0x0000000002c7e000 JavaThread "main" [_thread_blocked, id=15884, stack(0x0000000002c90000,0x0000000002d90000)]

Other Threads:
  0x0000000016c47800 VMThread [stack: 0x0000000018940000,0x0000000018a40000] [id=17004]
  0x0000000018b04800 WatcherThread [stack: 0x0000000019870000,0x0000000019970000] [id=14260]

VM state:not at safepoint (normal execution)

VM Mutex/Monitor currently owned by a thread: None

heap address: 0x00000000a0000000, size: 1536 MB, Compressed Oops mode: 32-bit
Narrow klass base: 0x0000000000000000, Narrow klass shift: 3
Compressed class space size: 1073741824 Address: 0x0000000100000000

Heap:
 PSYoungGen      total 392704K, used 98710K [0x00000000e0000000, 0x00000000fea80000, 0x0000000100000000)
  eden space 300544K, 28% used [0x00000000e0000000,0x00000000e52330c0,0x00000000f2580000)
  from space 92160K, 15% used [0x00000000f2580000,0x00000000f33b27f8,0x00000000f7f80000)
  to   space 88064K, 0% used [0x00000000f9480000,0x00000000f9480000,0x00000000fea80000)
 ParOldGen       total 473088K, used 250432K [0x00000000a0000000, 0x00000000bce00000, 0x00000000e0000000)
  object space 473088K, 52% used [0x00000000a0000000,0x00000000af4902c0,0x00000000bce00000)
 Metaspace       used 96975K, capacity 102872K, committed 103000K, reserved 1138688K
  class space    used 12498K, capacity 13616K, committed 13696K, reserved 1048576K

Card table byte_map: [0x0000000012250000,0x0000000012560000] byte_map_base: 0x0000000011d50000

Marking Bits: (ParMarkBitMap*) 0x000000005dca9f30
 Begin Bits: [0x0000000012f60000, 0x0000000014760000)
 End Bits:   [0x0000000014760000, 0x0000000015f60000)

Polling page: 0x0000000000bf0000

CodeCache: size=245760Kb used=50809Kb max_used=51084Kb free=194950Kb
 bounds [0x0000000002e90000, 0x00000000060c0000, 0x0000000011e90000]
 total_blobs=16214 nmethods=15318 adapters=808
 compilation: enabled

Compilation events (10 events):
Event: 1194.843 Thread 0x0000000018ab3000 18925       3       org.gradle.internal.service.scopes.AbstractPluginServiceRegistry::registerBuildServices (1 bytes)
Event: 1194.844 Thread 0x0000000018ab3000 nmethod 18925 0x0000000004290a10 code [0x0000000004290b60, 0x0000000004290cb0]
Event: 1194.858 Thread 0x0000000018ab3000 18926   !   3       org.gradle.internal.classloader.ClasspathUtil::toURI (46 bytes)
Event: 1194.860 Thread 0x0000000018a73800 18928   !   4       org.gradle.internal.event.DefaultListenerManager$EventBroadcast::maybeAdd (99 bytes)
Event: 1194.860 Thread 0x0000000018ab3000 nmethod 18926 0x00000000040f4890 code [0x00000000040f4b00, 0x00000000040f5d78]
Event: 1194.863 Thread 0x0000000018a66800 18929   !   4       org.gradle.internal.service.DefaultServiceRegistry$FactoryService::bind (358 bytes)
Event: 1194.863 Thread 0x0000000018a62000 18930       4       org.gradle.internal.service.DefaultServiceRegistry$FactoryService::assembleParameters (58 bytes)
Event: 1194.863 Thread 0x0000000018ab3000 18927       3       java.net.URI::equal (158 bytes)
Event: 1194.867 Thread 0x0000000018ab3000 nmethod 18927 0x0000000004540e50 code [0x0000000004541140, 0x0000000004542c58]
Event: 1194.872 Thread 0x0000000018a62000 nmethod 18930 0x0000000002fae390 code [0x0000000002fae4e0, 0x0000000002fae718]

GC Heap History (10 events):
Event: 744.213 GC heap before
{Heap before GC invocations=23 (full 4):
 PSYoungGen      total 295424K, used 295403K [0x00000000e0000000, 0x00000000fd700000, 0x0000000100000000)
  eden space 238592K, 100% used [0x00000000e0000000,0x00000000ee900000,0x00000000ee900000)
  from space 56832K, 99% used [0x00000000f4c80000,0x00000000f83fadc0,0x00000000f8400000)
  to   space 101888K, 0% used [0x00000000ee900000,0x00000000ee900000,0x00000000f4c80000)
 ParOldGen       total 473088K, used 247997K [0x00000000a0000000, 0x00000000bce00000, 0x00000000e0000000)
  object space 473088K, 52% used [0x00000000a0000000,0x00000000af22f550,0x00000000bce00000)
 Metaspace       used 93230K, capacity 98190K, committed 98392K, reserved 1134592K
  class space    used 12137K, capacity 13122K, committed 13184K, reserved 1048576K
Event: 744.542 GC heap after
Heap after GC invocations=23 (full 4):
 PSYoungGen      total 340480K, used 6233K [0x00000000e0000000, 0x00000000fd400000, 0x0000000100000000)
  eden space 238592K, 0% used [0x00000000e0000000,0x00000000e0000000,0x00000000ee900000)
  from space 101888K, 6% used [0x00000000ee900000,0x00000000eef16670,0x00000000f4c80000)
  to   space 100864K, 0% used [0x00000000f7180000,0x00000000f7180000,0x00000000fd400000)
 ParOldGen       total 473088K, used 250400K [0x00000000a0000000, 0x00000000bce00000, 0x00000000e0000000)
  object space 473088K, 52% used [0x00000000a0000000,0x00000000af4882c0,0x00000000bce00000)
 Metaspace       used 93230K, capacity 98190K, committed 98392K, reserved 1134592K
  class space    used 12137K, capacity 13122K, committed 13184K, reserved 1048576K
}
Event: 850.172 GC heap before
{Heap before GC invocations=24 (full 4):
 PSYoungGen      total 340480K, used 244825K [0x00000000e0000000, 0x00000000fd400000, 0x0000000100000000)
  eden space 238592K, 100% used [0x00000000e0000000,0x00000000ee900000,0x00000000ee900000)
  from space 101888K, 6% used [0x00000000ee900000,0x00000000eef16670,0x00000000f4c80000)
  to   space 100864K, 0% used [0x00000000f7180000,0x00000000f7180000,0x00000000fd400000)
 ParOldGen       total 473088K, used 250400K [0x00000000a0000000, 0x00000000bce00000, 0x00000000e0000000)
  object space 473088K, 52% used [0x00000000a0000000,0x00000000af4882c0,0x00000000bce00000)
 Metaspace       used 95025K, capacity 100046K, committed 100312K, reserved 1136640K
  class space    used 12313K, capacity 13298K, committed 13312K, reserved 1048576K
Event: 850.376 GC heap after
Heap after GC invocations=24 (full 4):
 PSYoungGen      total 363008K, used 8498K [0x00000000e0000000, 0x00000000fca00000, 0x0000000100000000)
  eden space 272384K, 0% used [0x00000000e0000000,0x00000000e0000000,0x00000000f0a00000)
  from space 90624K, 9% used [0x00000000f7180000,0x00000000f79ccae8,0x00000000fca00000)
  to   space 98304K, 0% used [0x00000000f0a00000,0x00000000f0a00000,0x00000000f6a00000)
 ParOldGen       total 473088K, used 250408K [0x00000000a0000000, 0x00000000bce00000, 0x00000000e0000000)
  object space 473088K, 52% used [0x00000000a0000000,0x00000000af48a2c0,0x00000000bce00000)
 Metaspace       used 95025K, capacity 100046K, committed 100312K, reserved 1136640K
  class space    used 12313K, capacity 13298K, committed 13312K, reserved 1048576K
}
Event: 863.771 GC heap before
{Heap before GC invocations=25 (full 4):
 PSYoungGen      total 363008K, used 280882K [0x00000000e0000000, 0x00000000fca00000, 0x0000000100000000)
  eden space 272384K, 100% used [0x00000000e0000000,0x00000000f0a00000,0x00000000f0a00000)
  from space 90624K, 9% used [0x00000000f7180000,0x00000000f79ccae8,0x00000000fca00000)
  to   space 98304K, 0% used [0x00000000f0a00000,0x00000000f0a00000,0x00000000f6a00000)
 ParOldGen       total 473088K, used 250408K [0x00000000a0000000, 0x00000000bce00000, 0x00000000e0000000)
  object space 473088K, 52% used [0x00000000a0000000,0x00000000af48a2c0,0x00000000bce00000)
 Metaspace       used 95210K, capacity 100306K, committed 100440K, reserved 1136640K
  class space    used 12325K, capacity 13336K, committed 13440K, reserved 1048576K
Event: 863.798 GC heap after
Heap after GC invocations=25 (full 4):
 PSYoungGen      total 370688K, used 3658K [0x00000000e0000000, 0x00000000fe700000, 0x0000000100000000)
  eden space 272384K, 0% used [0x00000000e0000000,0x00000000e0000000,0x00000000f0a00000)
  from space 98304K, 3% used [0x00000000f0a00000,0x00000000f0d92a30,0x00000000f6a00000)
  to   space 96768K, 0% used [0x00000000f8880000,0x00000000f8880000,0x00000000fe700000)
 ParOldGen       total 473088K, used 250416K [0x00000000a0000000, 0x00000000bce00000, 0x00000000e0000000)
  object space 473088K, 52% used [0x00000000a0000000,0x00000000af48c2c0,0x00000000bce00000)
 Metaspace       used 95210K, capacity 100306K, committed 100440K, reserved 1136640K
  class space    used 12325K, capacity 13336K, committed 13440K, reserved 1048576K
}
Event: 899.649 GC heap before
{Heap before GC invocations=26 (full 4):
 PSYoungGen      total 370688K, used 274772K [0x00000000e0000000, 0x00000000fe700000, 0x0000000100000000)
  eden space 272384K, 99% used [0x00000000e0000000,0x00000000f08c26f0,0x00000000f0a00000)
  from space 98304K, 3% used [0x00000000f0a00000,0x00000000f0d92a30,0x00000000f6a00000)
  to   space 96768K, 0% used [0x00000000f8880000,0x00000000f8880000,0x00000000fe700000)
 ParOldGen       total 473088K, used 250416K [0x00000000a0000000, 0x00000000bce00000, 0x00000000e0000000)
  object space 473088K, 52% used [0x00000000a0000000,0x00000000af48c2c0,0x00000000bce00000)
 Metaspace       used 96456K, capacity 102208K, committed 102488K, reserved 1138688K
  class space    used 12475K, capacity 13572K, committed 13696K, reserved 1048576K
Event: 899.752 GC heap after
Heap after GC invocations=26 (full 4):
 PSYoungGen      total 383488K, used 17470K [0x00000000e0000000, 0x00000000fd980000, 0x0000000100000000)
  eden space 300544K, 0% used [0x00000000e0000000,0x00000000e0000000,0x00000000f2580000)
  from space 82944K, 21% used [0x00000000f8880000,0x00000000f998f990,0x00000000fd980000)
  to   space 92160K, 0% used [0x00000000f2580000,0x00000000f2580000,0x00000000f7f80000)
 ParOldGen       total 473088K, used 250424K [0x00000000a0000000, 0x00000000bce00000, 0x00000000e0000000)
  object space 473088K, 52% used [0x00000000a0000000,0x00000000af48e2c0,0x00000000bce00000)
 Metaspace       used 96456K, capacity 102208K, committed 102488K, reserved 1138688K
  class space    used 12475K, capacity 13572K, committed 13696K, reserved 1048576K
}
Event: 1155.075 GC heap before
{Heap before GC invocations=27 (full 4):
 PSYoungGen      total 383488K, used 318014K [0x00000000e0000000, 0x00000000fd980000, 0x0000000100000000)
  eden space 300544K, 100% used [0x00000000e0000000,0x00000000f2580000,0x00000000f2580000)
  from space 82944K, 21% used [0x00000000f8880000,0x00000000f998f990,0x00000000fd980000)
  to   space 92160K, 0% used [0x00000000f2580000,0x00000000f2580000,0x00000000f7f80000)
 ParOldGen       total 473088K, used 250424K [0x00000000a0000000, 0x00000000bce00000, 0x00000000e0000000)
  object space 473088K, 52% used [0x00000000a0000000,0x00000000af48e2c0,0x00000000bce00000)
 Metaspace       used 96823K, capacity 102666K, committed 103000K, reserved 1138688K
  class space    used 12498K, capacity 13615K, committed 13696K, reserved 1048576K
Event: 1155.272 GC heap after
Heap after GC invocations=27 (full 4):
 PSYoungGen      total 392704K, used 14537K [0x00000000e0000000, 0x00000000fea80000, 0x0000000100000000)
  eden space 300544K, 0% used [0x00000000e0000000,0x00000000e0000000,0x00000000f2580000)
  from space 92160K, 15% used [0x00000000f2580000,0x00000000f33b27f8,0x00000000f7f80000)
  to   space 88064K, 0% used [0x00000000f9480000,0x00000000f9480000,0x00000000fea80000)
 ParOldGen       total 473088K, used 250432K [0x00000000a0000000, 0x00000000bce00000, 0x00000000e0000000)
  object space 473088K, 52% used [0x00000000a0000000,0x00000000af4902c0,0x00000000bce00000)
 Metaspace       used 96823K, capacity 102666K, committed 103000K, reserved 1138688K
  class space    used 12498K, capacity 13615K, committed 13696K, reserved 1048576K
}

Deoptimization events (10 events):
Event: 1152.503 Thread 0x000000001ece0800 Uncommon trap: reason=unstable_if action=reinterpret pc=0x000000000344c4d0 method=java.lang.StringCoding$StringDecoder.decode([BII)[C @ 20
Event: 1152.641 Thread 0x000000001ece0800 Uncommon trap: reason=array_check action=maybe_recompile pc=0x0000000005ee93c0 method=java.util.ComparableTimSort.mergeLo(IIII)V @ 81
Event: 1152.641 Thread 0x000000001ece0800 Uncommon trap: reason=array_check action=maybe_recompile pc=0x0000000005ee93c0 method=java.util.ComparableTimSort.mergeLo(IIII)V @ 81
Event: 1152.641 Thread 0x000000001ece0800 Uncommon trap: reason=array_check action=maybe_recompile pc=0x0000000005ee93c0 method=java.util.ComparableTimSort.mergeLo(IIII)V @ 81
Event: 1152.643 Thread 0x000000001ece0800 Uncommon trap: reason=array_check action=maybe_recompile pc=0x0000000005ee93c0 method=java.util.ComparableTimSort.mergeLo(IIII)V @ 81
Event: 1154.780 Thread 0x000000001ece0800 Uncommon trap: reason=speculate_class_check action=maybe_recompile pc=0x0000000004f34684 method=java.nio.charset.CharsetEncoder.reset()Ljava/nio/charset/CharsetEncoder; @ 1
Event: 1154.788 Thread 0x000000001ece0800 Uncommon trap: reason=bimorphic action=maybe_recompile pc=0x0000000005bda074 method=com.google.common.collect.ImmutableMap.copyOf(Ljava/lang/Iterable;)Lcom/google/common/collect/ImmutableMap; @ 53
Event: 1156.041 Thread 0x000000001a089000 Uncommon trap: reason=bimorphic action=maybe_recompile pc=0x0000000005bda074 method=com.google.common.collect.ImmutableMap.copyOf(Ljava/lang/Iterable;)Lcom/google/common/collect/ImmutableMap; @ 53
Event: 1158.626 Thread 0x000000001ece8800 Uncommon trap: reason=bimorphic action=maybe_recompile pc=0x0000000005bda074 method=com.google.common.collect.ImmutableMap.copyOf(Ljava/lang/Iterable;)Lcom/google/common/collect/ImmutableMap; @ 53
Event: 1159.062 Thread 0x000000001ece8800 Uncommon trap: reason=unstable_if action=reinterpret pc=0x0000000005e7a8bc method=com.android.tools.build.apkzlib.zip.FileUseMap.locateFree(JJJLcom/android/tools/build/apkzlib/zip/FileUseMap$PositionAlgorithm;)J @ 252

Classes redefined (0 events):
No events

Internal exceptions (10 events):
Event: 1156.751 Thread 0x000000001d7b1800 Exception <a 'java/lang/InterruptedException'> (0x00000000e21249d0) thrown at [D:\src\AOSP-openjdk-cygwin\jdk8u\hotspot\src\share\vm\runtime\objectMonitor.cpp, line 1491]
Event: 1156.751 Thread 0x000000001d7ae800 Exception <a 'java/lang/InterruptedException'> (0x00000000e28b3da8) thrown at [D:\src\AOSP-openjdk-cygwin\jdk8u\hotspot\src\share\vm\runtime\objectMonitor.cpp, line 1491]
Event: 1156.752 Thread 0x000000001d7ae800 Exception <a 'java/lang/InterruptedException'> (0x00000000e28b3fb0) thrown at [D:\src\AOSP-openjdk-cygwin\jdk8u\hotspot\src\share\vm\runtime\objectMonitor.cpp, line 1491]
Event: 1156.752 Thread 0x000000001d7b1800 Exception <a 'java/lang/InterruptedException'> (0x00000000e2124bd8) thrown at [D:\src\AOSP-openjdk-cygwin\jdk8u\hotspot\src\share\vm\runtime\objectMonitor.cpp, line 1680]
Event: 1156.752 Thread 0x000000001d7ae800 Exception <a 'java/lang/InterruptedException'> (0x00000000e28b41b8) thrown at [D:\src\AOSP-openjdk-cygwin\jdk8u\hotspot\src\share\vm\runtime\objectMonitor.cpp, line 1680]
Event: 1156.752 Thread 0x000000001d7ae800 Exception <a 'java/lang/InterruptedException'> (0x00000000e28b43c0) thrown at [D:\src\AOSP-openjdk-cygwin\jdk8u\hotspot\src\share\vm\runtime\objectMonitor.cpp, line 1491]
Event: 1156.752 Thread 0x000000001d7ae800 Exception <a 'java/lang/InterruptedException'> (0x00000000e28b45c8) thrown at [D:\src\AOSP-openjdk-cygwin\jdk8u\hotspot\src\share\vm\runtime\objectMonitor.cpp, line 1491]
Event: 1156.752 Thread 0x000000001d7ae800 Exception <a 'java/lang/InterruptedException'> (0x00000000e28b47d0) thrown at [D:\src\AOSP-openjdk-cygwin\jdk8u\hotspot\src\share\vm\runtime\objectMonitor.cpp, line 1491]
Event: 1156.752 Thread 0x000000001d7b1800 Exception <a 'java/lang/InterruptedException'> (0x00000000e2124de0) thrown at [D:\src\AOSP-openjdk-cygwin\jdk8u\hotspot\src\share\vm\runtime\objectMonitor.cpp, line 1680]
Event: 1156.755 Thread 0x000000001d7ae800 Exception <a 'java/lang/InterruptedException'> (0x00000000e28b49d8) thrown at [D:\src\AOSP-openjdk-cygwin\jdk8u\hotspot\src\share\vm\runtime\objectMonitor.cpp, line 1680]

Events (10 events):
Event: 1194.881 Thread 0x0000000018ab3000 flushing nmethod 0x0000000004c18650
Event: 1194.881 Thread 0x0000000018ab3000 flushing nmethod 0x0000000004c19cd0
Event: 1194.881 Thread 0x0000000018ab3000 flushing nmethod 0x0000000004c1a190
Event: 1194.881 Thread 0x0000000018ab3000 flushing nmethod 0x0000000004c20110
Event: 1194.881 Thread 0x0000000018ab3000 flushing nmethod 0x0000000004c276d0
Event: 1194.881 Thread 0x0000000018ab3000 flushing nmethod 0x0000000004c2f790
Event: 1194.881 Thread 0x0000000018ab3000 flushing nmethod 0x0000000004c33910
Event: 1194.881 Thread 0x0000000018ab3000 flushing nmethod 0x0000000004c38350
Event: 1194.882 Thread 0x0000000018ab3000 flushing nmethod 0x0000000004c50dd0
Event: 1194.882 Thread 0x0000000018ab3000 flushing nmethod 0x0000000004c82fd0


Dynamic libraries:
0x00007ff7e74c0000 - 0x00007ff7e74f1000 	C:\Program Files\Android\Android Studio\jre\bin\java.exe
0x00007ff855840000 - 0x00007ff855a30000 	C:\Windows\SYSTEM32\ntdll.dll
0x00007ff853f40000 - 0x00007ff853ff2000 	C:\Windows\System32\KERNEL32.DLL
0x00007ff852ed0000 - 0x00007ff853173000 	C:\Windows\System32\KERNELBASE.dll
0x00007ff8555d0000 - 0x00007ff855673000 	C:\Windows\System32\ADVAPI32.dll
0x00007ff854010000 - 0x00007ff8540ae000 	C:\Windows\System32\msvcrt.dll
0x00007ff854a40000 - 0x00007ff854ad7000 	C:\Windows\System32\sechost.dll
0x00007ff855230000 - 0x00007ff855350000 	C:\Windows\System32\RPCRT4.dll
0x00007ff854e80000 - 0x00007ff855013000 	C:\Windows\System32\USER32.dll
0x00007ff852ab0000 - 0x00007ff852ad1000 	C:\Windows\System32\win32u.dll
0x00007ff854820000 - 0x00007ff854846000 	C:\Windows\System32\GDI32.dll
0x00007ff852d30000 - 0x00007ff852ec4000 	C:\Windows\System32\gdi32full.dll
0x00007ff852a10000 - 0x00007ff852aae000 	C:\Windows\System32\msvcp_win.dll
0x00007ff8528e0000 - 0x00007ff8529da000 	C:\Windows\System32\ucrtbase.dll
0x00007ff83e640000 - 0x00007ff83e8c5000 	C:\Windows\WinSxS\amd64_microsoft.windows.common-controls_6595b64144ccf1df_6.0.18362.239_none_e6c7aebd130c7608\COMCTL32.dll
0x00007ff854b40000 - 0x00007ff854e76000 	C:\Windows\System32\combase.dll
0x00007ff852cb0000 - 0x00007ff852d30000 	C:\Windows\System32\bcryptPrimitives.dll
0x00007ff8553b0000 - 0x00007ff8553de000 	C:\Windows\System32\IMM32.DLL
0x000000005d320000 - 0x000000005d3f2000 	C:\Program Files\Android\Android Studio\jre\jre\bin\msvcr100.dll
0x000000005d4e0000 - 0x000000005dd26000 	C:\Program Files\Android\Android Studio\jre\jre\bin\server\jvm.dll
0x00007ff853980000 - 0x00007ff853988000 	C:\Windows\System32\PSAPI.DLL
0x00007ff83de90000 - 0x00007ff83de99000 	C:\Windows\SYSTEM32\WSOCK32.dll
0x00007ff846770000 - 0x00007ff846794000 	C:\Windows\SYSTEM32\WINMM.dll
0x00007ff84d660000 - 0x00007ff84d66a000 	C:\Windows\SYSTEM32\VERSION.dll
0x00007ff8540d0000 - 0x00007ff85413f000 	C:\Windows\System32\WS2_32.dll
0x00007ff846740000 - 0x00007ff84676d000 	C:\Windows\SYSTEM32\WINMMBASE.dll
0x00007ff852890000 - 0x00007ff8528da000 	C:\Windows\System32\cfgmgr32.dll
0x00007ff84fb70000 - 0x00007ff84fb7f000 	C:\Program Files\Android\Android Studio\jre\jre\bin\verify.dll
0x00007ff84f9c0000 - 0x00007ff84f9e9000 	C:\Program Files\Android\Android Studio\jre\jre\bin\java.dll
0x00007ff84d290000 - 0x00007ff84d2a6000 	C:\Program Files\Android\Android Studio\jre\jre\bin\zip.dll
0x00007ff854140000 - 0x00007ff854820000 	C:\Windows\System32\SHELL32.dll
0x00007ff855750000 - 0x00007ff8557f9000 	C:\Windows\System32\shcore.dll
0x00007ff853180000 - 0x00007ff8538fb000 	C:\Windows\System32\windows.storage.dll
0x00007ff852750000 - 0x00007ff85276f000 	C:\Windows\System32\profapi.dll
0x00007ff852790000 - 0x00007ff8527da000 	C:\Windows\System32\powrprof.dll
0x00007ff852720000 - 0x00007ff852730000 	C:\Windows\System32\UMPDC.dll
0x00007ff855350000 - 0x00007ff8553a2000 	C:\Windows\System32\shlwapi.dll
0x00007ff852730000 - 0x00007ff852741000 	C:\Windows\System32\kernel.appcore.dll
0x00007ff852c90000 - 0x00007ff852ca7000 	C:\Windows\System32\cryptsp.dll
0x00007ff846b90000 - 0x00007ff846baa000 	C:\Program Files\Android\Android Studio\jre\jre\bin\net.dll
0x00007ff851f90000 - 0x00007ff851ff7000 	C:\Windows\system32\mswsock.dll
0x00007ff8464f0000 - 0x00007ff846501000 	C:\Program Files\Android\Android Studio\jre\jre\bin\nio.dll
0x00007ff829860000 - 0x00007ff829886000 	C:\Users\felix\.gradle\native\29\windows-amd64\native-platform.dll
0x00007ff84fb60000 - 0x00007ff84fb6d000 	C:\Program Files\Android\Android Studio\jre\jre\bin\management.dll
0x00007ff851b50000 - 0x00007ff851b83000 	C:\Windows\system32\rsaenh.dll
0x00007ff8529e0000 - 0x00007ff852a06000 	C:\Windows\System32\bcrypt.dll
0x00007ff852640000 - 0x00007ff852665000 	C:\Windows\SYSTEM32\USERENV.dll
0x00007ff852160000 - 0x00007ff85216c000 	C:\Windows\SYSTEM32\CRYPTBASE.dll
0x00007ff851cf0000 - 0x00007ff851d2a000 	C:\Windows\SYSTEM32\IPHLPAPI.DLL
0x00007ff8548d0000 - 0x00007ff8548d8000 	C:\Windows\System32\NSI.dll
0x00007ff84ac10000 - 0x00007ff84ac26000 	C:\Windows\SYSTEM32\dhcpcsvc6.DLL
0x00007ff84ac50000 - 0x00007ff84ac6c000 	C:\Windows\SYSTEM32\dhcpcsvc.DLL
0x00007ff851d30000 - 0x00007ff851dfa000 	C:\Windows\SYSTEM32\DNSAPI.dll
0x00007ff8517d0000 - 0x00007ff851801000 	C:\Windows\SYSTEM32\ntmarta.dll

VM Arguments:
jvm_args: -Xmx1536m -Dfile.encoding=windows-1252 -Duser.country=DE -Duser.language=de -Duser.variant 
java_command: org.gradle.launcher.daemon.bootstrap.GradleDaemon 5.4.1
java_class_path (initial): C:\Users\felix\.gradle\wrapper\dists\gradle-5.4.1-all\3221gyojl5jsh0helicew7rwx\gradle-5.4.1\lib\gradle-launcher-5.4.1.jar
Launcher Type: SUN_STANDARD

Environment Variables:
PATH=C:\Windows\system32;C:\Windows;C:\Windows\System32\Wbem;C:\Windows\System32\WindowsPowerShell\v1.0\;C:\Windows\System32\OpenSSH\;C:\Program Files\MATLAB\R2019b\bin;C:\Users\felix\AppData\Local\Microsoft\WindowsApps;C:\ProgramData\felix\GitHubDesktop\bin;C:\Users\felix\AppData\Local\GitHubDesktop\bin
USERNAME=felix
OS=Windows_NT
PROCESSOR_IDENTIFIER=Intel64 Family 6 Model 142 Stepping 11, GenuineIntel



---------------  S Y S T E M  ---------------

OS: Windows 10.0 , 64 bit Build 18362 (10.0.18362.86)

CPU:total 8 (initial active 8) (4 cores per cpu, 2 threads per core) family 6 model 142 stepping 11, cmov, cx8, fxsr, mmx, sse, sse2, sse3, ssse3, sse4.1, sse4.2, popcnt, avx, avx2, aes, clmul, erms, 3dnowpref, lzcnt, ht, tsc, tscinvbit, bmi1, bmi2, adx

Memory: 4k page, physical 16618864k(670580k free), swap 66950512k(536k free)

vm_info: OpenJDK 64-Bit Server VM (25.202-b03) for windows-amd64 JRE (1.8.0_202-release-1483-b03), built by "builder" with MS VC++ 10.0 (VS2010)

time: Thu Sep 26 23:34:26 2019
timezone: Mitteleuropäische Sommerzeit
elapsed time: 1194 seconds (0d 0h 19m 54s)

